<?xml version="1.0" encoding="UTF-8"?>
<!-- Generated by org.testng.reporters.JUnitXMLReporter -->
<testsuite hostname="Radha-Basida" ignored="0" name="Test" tests="1" failures="1" timestamp="19 May 2019 12:56:36 GMT" time="13.63" errors="0">
  <testcase name="login" time="12.092" classname="testcase.SearchMobile">
    <failure type="java.lang.AssertionError" message="Price is not sorted">
      <![CDATA[java.lang.AssertionError: Price is not sorted
	at testcase.SearchMobile.login(SearchMobile.java:123)
... Removed 29 stack frames]]>
    </failure>
  </testcase> <!-- login -->
</testsuite> <!-- Test -->
