<?xml version="1.0" encoding="UTF-8"?>
<testsuite xmlns:xsi="http://www.w3.org/2001/XMLSchema-instance" xsi:schemaLocation="https://maven.apache.org/surefire/maven-surefire-plugin/xsd/surefire-test-report.xsd" name="TestSuite" time="15.244" tests="1" errors="0" skipped="0" failures="1">
  <properties>
[...]
</properties>
  <testcase name="login" classname="testcase.SearchMobile" time="12.103">
    <failure message="Price is not sorted" type="java.lang.AssertionError">java.lang.AssertionError: Price is not sorted
	at testcase.SearchMobile.login(SearchMobile.java:123)
</failure>
    <system-out><![CDATA[Page Title : Online Shopping Site for Mobiles, Electronics, Furniture, Grocery, Lifestyle, Books & More. Best Offers!
13,999
13,999
11,999
13,999
7,499
11,999
9,999
11,999
7,499
4,499
13,999
11,999
9,999
13,999
10,999
4,499
16,999
6,681
6,696
13,990
11,999
9,999
9,999
10,780
sort result by flipkart :[4499, 4499, 6500, 2999, 2999, 3999, 3999, 4499, 4499, 4499, 4999, 4999, 4999, 5100, 5200, 5254, 5485, 5485, 6499, 6499, 6499, 6499, 6530, 6552]
]]></system-out>
    <system-err><![CDATA[SLF4J: Failed to load class "org.slf4j.impl.StaticLoggerBinder".
SLF4J: Defaulting to no-operation (NOP) logger implementation
SLF4J: See http://www.slf4j.org/codes.html#StaticLoggerBinder for further details.
Starting ChromeDriver 74.0.3729.6 (255758eccf3d244491b8a1317aa76e1ce10d57e9-refs/branch-heads/3729@{#29}) on port 31119
Only local connections are allowed.
Please protect ports used by ChromeDriver and related test frameworks to prevent access by malicious code.
May 19, 2019 6:26:25 PM org.openqa.selenium.remote.ProtocolHandshake createSession
INFO: Detected dialect: OSS
]]></system-err>
  </testcase>
</testsuite>