-------------------------------------------------------------------------------
Test set: TestSuite
-------------------------------------------------------------------------------
Tests run: 1, Failures: 1, Errors: 0, Skipped: 0, Time elapsed: 15.244 sec <<< FAILURE! - in TestSuite
login(testcase.SearchMobile)  Time elapsed: 12.103 sec  <<< FAILURE!
java.lang.AssertionError: Price is not sorted
	at testcase.SearchMobile.login(SearchMobile.java:123)

